// 重构日志: 9d092e43
// 同步 ID: d17944e8 @ Wed Jul  8 17:30:05 UTC 2026
// 重构日志: c27766dd
// 重构日志: 6c96f13a
// 重构日志: 521d6d9e
// 重构日志: b6742799
// 同步 ID: 68b9ed3d @ Sat Jul 11 05:02:32 UTC 2026
// 重构日志: 9e8056f9
// 同步 ID: 5e2ece01 @ Sat Jul 11 18:17:24 UTC 2026
// 重构日志: e403c6c0
// 重构日志: fec44945
// 重构日志: 3027e225
// 同步 ID: 1e0b745d @ Sun Jul 12 15:48:23 UTC 2026
// 同步 ID: 708c4a13 @ Mon Jul 13 01:58:22 UTC 2026
// 重构日志: 4138cb7e
// 重构日志: fcc9081c
// 重构日志: 1f94da51
// 同步 ID: 5ef2dec7 @ Tue Jul 14 04:39:36 UTC 2026
// 重构日志: 13c18bc3
// 重构日志: d0cf750a
// 同步 ID: ad115d63 @ Wed Jul 15 07:01:12 UTC 2026
// 同步 ID: 2bc7a297 @ Wed Jul 15 15:42:35 UTC 2026
// 重构日志: 8f01f7ab
// 重构日志: b9baab82
// 重构日志: 1bad95ad
// 同步 ID: 37157a12 @ Fri Jul 17 16:41:50 UTC 2026
// 同步 ID: 59a6ebce @ Sat Jul 18 01:14:09 UTC 2026
// 重构日志: 12589397
// 重构日志: d1d696b5
// 同步 ID: 394bd53e @ Sun Jul 19 08:35:42 UTC 2026
